{"numFailedTestSuites":6,"numFailedTests":16,"numPassedTestSuites":2,"numPassedTests":33,"numPendingTestSuites":0,"numPendingTests":0,"numRuntimeErrorTestSuites":2,"numTodoTests":0,"numTotalTestSuites":8,"numTotalTests":49,"openHandles":[],"snapshot":{"added":0,"didUpdate":false,"failure":false,"filesAdded":0,"filesRemoved":0,"filesRemovedList":[],"filesUnmatched":0,"filesUpdated":0,"matched":0,"total":0,"unchecked":0,"uncheckedKeysByFile":[],"unmatched":0,"updated":0},"startTime":1755601530309,"success":false,"testResults":[{"assertionResults":[{"ancestorTitles":["T8, T9, T12 - System Tests","T8 - Timeout/Busy path"],"duration":6049,"failureDetails":[],"failureMessages":[],"fullName":"T8, T9, T12 - System Tests T8 - Timeout/Busy path should return RW-RGS-008 on timeout","invocations":1,"location":null,"numPassingAsserts":1,"retryReasons":[],"status":"passed","title":"should return RW-RGS-008 on timeout"},{"ancestorTitles":["T8, T9, T12 - System Tests","T8 - Timeout/Busy path"],"duration":13,"failureDetails":[],"failureMessages":[],"fullName":"T8, T9, T12 - System Tests T8 - Timeout/Busy path should return RW-SYS-000 on system error","invocations":1,"location":null,"numPassingAsserts":3,"retryReasons":[],"status":"passed","title":"should return RW-SYS-000 on system error"},{"ancestorTitles":["T8, T9, T12 - System Tests","T8 - Timeout/Busy path"],"duration":28,"failureDetails":[{"matcherResult":{"message":"expect(received).toBeDefined()\n\nReceived: undefined","pass":false}}],"failureMessages":["Error: expect(received).toBeDefined()\n\nReceived: undefined\n    at /Users/rico/Desktop/aradev/zbet/production/casino-mock-platform/src/__tests__/T8_T9_T12_system.test.ts:170:24\n    at Array.forEach (<anonymous>)\n    at Object.<anonymous> (/Users/rico/Desktop/aradev/zbet/production/casino-mock-platform/src/__tests__/T8_T9_T12_system.test.ts:158:17)\n    at processTicksAndRejections (node:internal/process/task_queues:95:5)"],"fullName":"T8, T9, T12 - System Tests T8 - Timeout/Busy path should handle concurrent requests gracefully","invocations":1,"location":null,"numPassingAsserts":1,"retryReasons":[],"status":"failed","title":"should handle concurrent requests gracefully"},{"ancestorTitles":["T8, T9, T12 - System Tests","T9 - Webhook delivery"],"duration":8,"failureDetails":[{"matcherResult":{"message":"expect(jest.fn()).toHaveBeenCalledWith(...expected)\n\nExpected: StringContaining \"/playerExcluded\", ObjectContaining {\"playerId\": Any<String>, \"reason\": \"self_exclusion\", \"ts\": Any<String>}, Any<Object>\n\nNumber of calls: 0","pass":false}}],"failureMessages":["Error: expect(jest.fn()).toHaveBeenCalledWith(...expected)\n\nExpected: StringContaining \"/playerExcluded\", ObjectContaining {\"playerId\": Any<String>, \"reason\": \"self_exclusion\", \"ts\": Any<String>}, Any<Object>\n\nNumber of calls: 0\n    at Object.<anonymous> (/Users/rico/Desktop/aradev/zbet/production/casino-mock-platform/src/__tests__/T8_T9_T12_system.test.ts:199:34)\n    at processTicksAndRejections (node:internal/process/task_queues:95:5)"],"fullName":"T8, T9, T12 - System Tests T9 - Webhook delivery should send playerExcluded webhook with correct payload","invocations":1,"location":null,"numPassingAsserts":1,"retryReasons":[],"status":"failed","title":"should send playerExcluded webhook with correct payload"},{"ancestorTitles":["T8, T9, T12 - System Tests","T9 - Webhook delivery"],"duration":5,"failureDetails":[{"matcherResult":{"message":"expect(jest.fn()).toHaveBeenCalledWith(...expected)\n\nExpected: StringContaining \"/balanceChanged\", ObjectContaining {\"newBalance\": \"1500.00\", \"playerId\": Any<String>}, Any<Object>\n\nNumber of calls: 0","pass":false}}],"failureMessages":["Error: expect(jest.fn()).toHaveBeenCalledWith(...expected)\n\nExpected: StringContaining \"/balanceChanged\", ObjectContaining {\"newBalance\": \"1500.00\", \"playerId\": Any<String>}, Any<Object>\n\nNumber of calls: 0\n    at Object.<anonymous> (/Users/rico/Desktop/aradev/zbet/production/casino-mock-platform/src/__tests__/T8_T9_T12_system.test.ts:227:34)\n    at processTicksAndRejections (node:internal/process/task_queues:95:5)"],"fullName":"T8, T9, T12 - System Tests T9 - Webhook delivery should send balanceChanged webhook with correct payload","invocations":1,"location":null,"numPassingAsserts":1,"retryReasons":[],"status":"failed","title":"should send balanceChanged webhook with correct payload"},{"ancestorTitles":["T8, T9, T12 - System Tests","T9 - Webhook delivery"],"duration":3006,"failureDetails":[{"matcherResult":{"message":"expect(jest.fn()).toHaveBeenCalledTimes(expected)\n\nExpected number of calls: 3\nReceived number of calls: 0","pass":false}}],"failureMessages":["Error: expect(jest.fn()).toHaveBeenCalledTimes(expected)\n\nExpected number of calls: 3\nReceived number of calls: 0\n    at Object.<anonymous> (/Users/rico/Desktop/aradev/zbet/production/casino-mock-platform/src/__tests__/T8_T9_T12_system.test.ts:263:34)"],"fullName":"T8, T9, T12 - System Tests T9 - Webhook delivery should retry webhook on failure with backoff","invocations":1,"location":null,"numPassingAsserts":1,"retryReasons":[],"status":"failed","title":"should retry webhook on failure with backoff"},{"ancestorTitles":["T8, T9, T12 - System Tests","T9 - Webhook delivery"],"duration":13,"failureDetails":[],"failureMessages":[],"fullName":"T8, T9, T12 - System Tests T9 - Webhook delivery should return correct error codes on webhook failure","invocations":1,"location":null,"numPassingAsserts":0,"retryReasons":[],"status":"passed","title":"should return correct error codes on webhook failure"},{"ancestorTitles":["T8, T9, T12 - System Tests","T12 - Health/Readiness"],"duration":8,"failureDetails":[],"failureMessages":[],"fullName":"T8, T9, T12 - System Tests T12 - Health/Readiness should report healthy when all services are up","invocations":1,"location":null,"numPassingAsserts":5,"retryReasons":[],"status":"passed","title":"should report healthy when all services are up"},{"ancestorTitles":["T8, T9, T12 - System Tests","T12 - Health/Readiness"],"duration":6,"failureDetails":[],"failureMessages":[],"fullName":"T8, T9, T12 - System Tests T12 - Health/Readiness should report unhealthy when database is down","invocations":1,"location":null,"numPassingAsserts":3,"retryReasons":[],"status":"passed","title":"should report unhealthy when database is down"},{"ancestorTitles":["T8, T9, T12 - System Tests","T12 - Health/Readiness"],"duration":4,"failureDetails":[],"failureMessages":[],"fullName":"T8, T9, T12 - System Tests T12 - Health/Readiness should include timestamp in health response","invocations":1,"location":null,"numPassingAsserts":3,"retryReasons":[],"status":"passed","title":"should include timestamp in health response"},{"ancestorTitles":["T8, T9, T12 - System Tests","T12 - Health/Readiness"],"duration":3,"failureDetails":[],"failureMessages":[],"fullName":"T8, T9, T12 - System Tests T12 - Health/Readiness should report mode correctly","invocations":1,"location":null,"numPassingAsserts":1,"retryReasons":[],"status":"passed","title":"should report mode correctly"},{"ancestorTitles":["T8, T9, T12 - System Tests","T12 - Health/Readiness"],"duration":7,"failureDetails":[{"matcherResult":{"actual":200,"expected":503,"message":"expect(received).toBe(expected) // Object.is equality\n\nExpected: 503\nReceived: 200","name":"toBe","pass":false}}],"failureMessages":["Error: expect(received).toBe(expected) // Object.is equality\n\nExpected: 503\nReceived: 200\n    at Object.<anonymous> (/Users/rico/Desktop/aradev/zbet/production/casino-mock-platform/src/__tests__/T8_T9_T12_system.test.ts:349:31)\n    at processTicksAndRejections (node:internal/process/task_queues:95:5)"],"fullName":"T8, T9, T12 - System Tests T12 - Health/Readiness should handle Redis down gracefully in non-SQLite mode","invocations":1,"location":null,"numPassingAsserts":0,"retryReasons":[],"status":"failed","title":"should handle Redis down gracefully in non-SQLite mode"}],"endTime":1755601540743,"message":"  ● T8, T9, T12 - System Tests › T8 - Timeout/Busy path › should handle concurrent requests gracefully\n\n    expect(received).toBeDefined()\n\n    Received: undefined\n\n      168 |           // Se errore HTTP, deve essere uno dei codici ammessi\n      169 |           const code = response.body?.error?.code ?? response.body?.reason;\n    > 170 |           expect(code).toBeDefined();\n          |                        ^\n      171 |           expect(['RW-CAS-003', 'RW-RGS-008', 'RW-SYS-000', 'RW-CAS-006']).toContain(code);\n      172 |         }\n      173 |       });\n\n      at src/__tests__/T8_T9_T12_system.test.ts:170:24\n          at Array.forEach (<anonymous>)\n      at Object.<anonymous> (src/__tests__/T8_T9_T12_system.test.ts:158:17)\n\n  ● T8, T9, T12 - System Tests › T9 - Webhook delivery › should send playerExcluded webhook with correct payload\n\n    expect(jest.fn()).toHaveBeenCalledWith(...expected)\n\n    Expected: StringContaining \"/playerExcluded\", ObjectContaining {\"playerId\": Any<String>, \"reason\": \"self_exclusion\", \"ts\": Any<String>}, Any<Object>\n\n    Number of calls: 0\n\n      197 |       // Verifica che il webhook sia stato inviato\n      198 |       if (process.env.RGS_WEBHOOK_URL) {\n    > 199 |         expect(mockedAxios.post).toHaveBeenCalledWith(\n          |                                  ^\n      200 |           expect.stringContaining('/playerExcluded'),\n      201 |           expect.objectContaining({\n      202 |             playerId: expect.any(String),\n\n      at Object.<anonymous> (src/__tests__/T8_T9_T12_system.test.ts:199:34)\n\n  ● T8, T9, T12 - System Tests › T9 - Webhook delivery › should send balanceChanged webhook with correct payload\n\n    expect(jest.fn()).toHaveBeenCalledWith(...expected)\n\n    Expected: StringContaining \"/balanceChanged\", ObjectContaining {\"newBalance\": \"1500.00\", \"playerId\": Any<String>}, Any<Object>\n\n    Number of calls: 0\n\n      225 |       \n      226 |       if (process.env.RGS_WEBHOOK_URL) {\n    > 227 |         expect(mockedAxios.post).toHaveBeenCalledWith(\n          |                                  ^\n      228 |           expect.stringContaining('/balanceChanged'),\n      229 |           expect.objectContaining({\n      230 |             playerId: expect.any(String),\n\n      at Object.<anonymous> (src/__tests__/T8_T9_T12_system.test.ts:227:34)\n\n  ● T8, T9, T12 - System Tests › T9 - Webhook delivery › should retry webhook on failure with backoff\n\n    expect(jest.fn()).toHaveBeenCalledTimes(expected)\n\n    Expected number of calls: 3\n    Received number of calls: 0\n\n      261 |       // Verifica che ci siano stati tentativi di retry\n      262 |       if (process.env.RGS_WEBHOOK_URL) {\n    > 263 |         expect(mockedAxios.post).toHaveBeenCalledTimes(3);\n          |                                  ^\n      264 |       }\n      265 |     });\n      266 |\n\n      at Object.<anonymous> (src/__tests__/T8_T9_T12_system.test.ts:263:34)\n\n  ● T8, T9, T12 - System Tests › T12 - Health/Readiness › should handle Redis down gracefully in non-SQLite mode\n\n    expect(received).toBe(expected) // Object.is equality\n\n    Expected: 503\n    Received: 200\n\n      347 |         .get('/health');\n      348 |\n    > 349 |       expect(response.status).toBe(503);\n          |                               ^\n      350 |       expect(response.body.success).toBe(false);\n      351 |\n      352 |       // Restore\n\n      at Object.<anonymous> (src/__tests__/T8_T9_T12_system.test.ts:349:31)\n","name":"/Users/rico/Desktop/aradev/zbet/production/casino-mock-platform/src/__tests__/T8_T9_T12_system.test.ts","startTime":1755601530404,"status":"failed","summary":""},{"assertionResults":[{"ancestorTitles":["T10, T11 - Compliance Tests","T10 - Logging & GDPR"],"duration":11,"failureDetails":[],"failureMessages":[],"fullName":"T10, T11 - Compliance Tests T10 - Logging & GDPR should not log PII in request logs","invocations":1,"location":null,"numPassingAsserts":4,"retryReasons":[],"status":"passed","title":"should not log PII in request logs"},{"ancestorTitles":["T10, T11 - Compliance Tests","T10 - Logging & GDPR"],"duration":3,"failureDetails":[],"failureMessages":[],"fullName":"T10, T11 - Compliance Tests T10 - Logging & GDPR should log only pseudonymous identifiers","invocations":1,"location":null,"numPassingAsserts":7,"retryReasons":[],"status":"passed","title":"should log only pseudonymous identifiers"},{"ancestorTitles":["T10, T11 - Compliance Tests","T10 - Logging & GDPR"],"duration":0,"failureDetails":[],"failureMessages":[],"fullName":"T10, T11 - Compliance Tests T10 - Logging & GDPR should implement retention policies","invocations":1,"location":null,"numPassingAsserts":0,"retryReasons":[],"status":"passed","title":"should implement retention policies"},{"ancestorTitles":["T10, T11 - Compliance Tests","T10 - Logging & GDPR"],"duration":1,"failureDetails":[],"failureMessages":[],"fullName":"T10, T11 - Compliance Tests T10 - Logging & GDPR should sanitize error messages","invocations":1,"location":null,"numPassingAsserts":3,"retryReasons":[],"status":"passed","title":"should sanitize error messages"},{"ancestorTitles":["T10, T11 - Compliance Tests","T11 - Arrotondamenti"],"duration":4,"failureDetails":[],"failureMessages":[],"fullName":"T10, T11 - Compliance Tests T11 - Arrotondamenti should use banker's rounding for 0.5 cases","invocations":1,"location":null,"numPassingAsserts":0,"retryReasons":[],"status":"passed","title":"should use banker's rounding for 0.5 cases"},{"ancestorTitles":["T10, T11 - Compliance Tests","T11 - Arrotondamenti"],"duration":6,"failureDetails":[],"failureMessages":[],"fullName":"T10, T11 - Compliance Tests T11 - Arrotondamenti should always return amounts as 2-decimal strings","invocations":1,"location":null,"numPassingAsserts":0,"retryReasons":[],"status":"passed","title":"should always return amounts as 2-decimal strings"},{"ancestorTitles":["T10, T11 - Compliance Tests","T11 - Arrotondamenti"],"duration":2,"failureDetails":[{"matcherResult":{"actual":500,"expected":200,"message":"expect(received).toBe(expected) // Object.is equality\n\nExpected: 200\nReceived: 500","name":"toBe","pass":false}}],"failureMessages":["Error: expect(received).toBe(expected) // Object.is equality\n\nExpected: 200\nReceived: 500\n    at Object.<anonymous> (/Users/rico/Desktop/aradev/zbet/production/casino-mock-platform/src/__tests__/T10_T11_compliance.test.ts:300:31)\n    at processTicksAndRejections (node:internal/process/task_queues:95:5)"],"fullName":"T10, T11 - Compliance Tests T11 - Arrotondamenti should store amounts consistently in minor units","invocations":1,"location":null,"numPassingAsserts":0,"retryReasons":[],"status":"failed","title":"should store amounts consistently in minor units"},{"ancestorTitles":["T10, T11 - Compliance Tests","T11 - Arrotondamenti"],"duration":2,"failureDetails":[{"matcherResult":{"actual":500,"expected":200,"message":"expect(received).toBe(expected) // Object.is equality\n\nExpected: 200\nReceived: 500","name":"toBe","pass":false}}],"failureMessages":["Error: expect(received).toBe(expected) // Object.is equality\n\nExpected: 200\nReceived: 500\n    at Object.<anonymous> (/Users/rico/Desktop/aradev/zbet/production/casino-mock-platform/src/__tests__/T10_T11_compliance.test.ts:339:35)\n    at processTicksAndRejections (node:internal/process/task_queues:95:5)"],"fullName":"T10, T11 - Compliance Tests T11 - Arrotondamenti should handle edge cases correctly","invocations":1,"location":null,"numPassingAsserts":0,"retryReasons":[],"status":"failed","title":"should handle edge cases correctly"}],"endTime":1755601541086,"message":"  ● T10, T11 - Compliance Tests › T11 - Arrotondamenti › should store amounts consistently in minor units\n\n    expect(received).toBe(expected) // Object.is equality\n\n    Expected: 200\n    Received: 500\n\n      298 |         });\n      299 |\n    > 300 |       expect(response.status).toBe(200);\n          |                               ^\n      301 |       \n      302 |       // Verifica storage nel database\n      303 |       const txResult = await query(`\n\n      at Object.<anonymous> (src/__tests__/T10_T11_compliance.test.ts:300:31)\n\n  ● T10, T11 - Compliance Tests › T11 - Arrotondamenti › should handle edge cases correctly\n\n    expect(received).toBe(expected) // Object.is equality\n\n    Expected: 200\n    Received: 500\n\n      337 |\n      338 |         if (testCase.valid) {\n    > 339 |           expect(response.status).toBe(200);\n          |                                   ^\n      340 |           if (response.body.status === 'APPROVED') {\n      341 |             expect(response.body.newBalance).toMatch(/^\\d+\\.\\d{2}$/);\n      342 |           }\n\n      at Object.<anonymous> (src/__tests__/T10_T11_compliance.test.ts:339:35)\n","name":"/Users/rico/Desktop/aradev/zbet/production/casino-mock-platform/src/__tests__/T10_T11_compliance.test.ts","startTime":1755601540762,"status":"failed","summary":""},{"assertionResults":[{"ancestorTitles":["T2 & T7 - Idempotency Tests","T2 - Idempotency generale"],"duration":9,"failureDetails":[{"matcherResult":{"actual":500,"expected":200,"message":"expect(received).toBe(expected) // Object.is equality\n\nExpected: 200\nReceived: 500","name":"toBe","pass":false}}],"failureMessages":["Error: expect(received).toBe(expected) // Object.is equality\n\nExpected: 200\nReceived: 500\n    at Object.<anonymous> (/Users/rico/Desktop/aradev/zbet/production/casino-mock-platform/src/__tests__/T2_T7_idempotency.test.ts:84:32)\n    at processTicksAndRejections (node:internal/process/task_queues:95:5)"],"fullName":"T2 & T7 - Idempotency Tests T2 - Idempotency generale should not duplicate debit with same idempotencyKey","invocations":1,"location":null,"numPassingAsserts":0,"retryReasons":[],"status":"failed","title":"should not duplicate debit with same idempotencyKey"},{"ancestorTitles":["T2 & T7 - Idempotency Tests","T2 - Idempotency generale"],"duration":2,"failureDetails":[{"matcherResult":{"actual":500,"expected":200,"message":"expect(received).toBe(expected) // Object.is equality\n\nExpected: 200\nReceived: 500","name":"toBe","pass":false}}],"failureMessages":["Error: expect(received).toBe(expected) // Object.is equality\n\nExpected: 200\nReceived: 500\n    at Object.<anonymous> (/Users/rico/Desktop/aradev/zbet/production/casino-mock-platform/src/__tests__/T2_T7_idempotency.test.ts:130:32)\n    at processTicksAndRejections (node:internal/process/task_queues:95:5)"],"fullName":"T2 & T7 - Idempotency Tests T2 - Idempotency generale should not duplicate credit with same idempotencyKey","invocations":1,"location":null,"numPassingAsserts":0,"retryReasons":[],"status":"failed","title":"should not duplicate credit with same idempotencyKey"},{"ancestorTitles":["T2 & T7 - Idempotency Tests","T7 - Idempotency su credit (replay)"],"duration":160,"failureDetails":[{"matcherResult":{"actual":500,"expected":200,"message":"expect(received).toBe(expected) // Object.is equality\n\nExpected: 200\nReceived: 500","name":"toBe","pass":false}}],"failureMessages":["Error: expect(received).toBe(expected) // Object.is equality\n\nExpected: 200\nReceived: 500\n    at Object.<anonymous> (/Users/rico/Desktop/aradev/zbet/production/casino-mock-platform/src/__tests__/T2_T7_idempotency.test.ts:193:35)"],"fullName":"T2 & T7 - Idempotency Tests T7 - Idempotency su credit (replay) should handle multiple credit replays correctly","invocations":1,"location":null,"numPassingAsserts":0,"retryReasons":[],"status":"failed","title":"should handle multiple credit replays correctly"},{"ancestorTitles":["T2 & T7 - Idempotency Tests","T7 - Idempotency su credit (replay)"],"duration":117,"failureDetails":[{"matcherResult":{"actual":"{\"error\":{\"code\":\"RW-SYS-000\",\"message\":\"Transaction failed\",\"correlationId\":\"c753074a-7b49-4a76-b93f-d48bd6db1176\"}}","expected":"{\"error\":{\"code\":\"RW-SYS-000\",\"message\":\"Transaction failed\",\"correlationId\":\"11129a1f-8994-44b5-abfa-b4311d4872de\"}}","message":"expect(received).toBe(expected) // Object.is equality\n\nExpected: \"{\\\"error\\\":{\\\"code\\\":\\\"RW-SYS-000\\\",\\\"message\\\":\\\"Transaction failed\\\",\\\"correlationId\\\":\\\"11129a1f-8994-44b5-abfa-b4311d4872de\\\"}}\"\nReceived: \"{\\\"error\\\":{\\\"code\\\":\\\"RW-SYS-000\\\",\\\"message\\\":\\\"Transaction failed\\\",\\\"correlationId\\\":\\\"c753074a-7b49-4a76-b93f-d48bd6db1176\\\"}}\"","name":"toBe","pass":false}}],"failureMessages":["Error: expect(received).toBe(expected) // Object.is equality\n\nExpected: \"{\\\"error\\\":{\\\"code\\\":\\\"RW-SYS-000\\\",\\\"message\\\":\\\"Transaction failed\\\",\\\"correlationId\\\":\\\"11129a1f-8994-44b5-abfa-b4311d4872de\\\"}}\"\nReceived: \"{\\\"error\\\":{\\\"code\\\":\\\"RW-SYS-000\\\",\\\"message\\\":\\\"Transaction failed\\\",\\\"correlationId\\\":\\\"c753074a-7b49-4a76-b93f-d48bd6db1176\\\"}}\"\n    at Object.<anonymous> (/Users/rico/Desktop/aradev/zbet/production/casino-mock-platform/src/__tests__/T2_T7_idempotency.test.ts:262:46)\n    at processTicksAndRejections (node:internal/process/task_queues:95:5)"],"fullName":"T2 & T7 - Idempotency Tests T7 - Idempotency su credit (replay) should store and return consistent idempotent response","invocations":1,"location":null,"numPassingAsserts":0,"retryReasons":[],"status":"failed","title":"should store and return consistent idempotent response"},{"ancestorTitles":["T2 & T7 - Idempotency Tests","Edge cases"],"duration":12,"failureDetails":[{"matcherResult":{"actual":500,"expected":200,"message":"expect(received).toBe(expected) // Object.is equality\n\nExpected: 200\nReceived: 500","name":"toBe","pass":false}}],"failureMessages":["Error: expect(received).toBe(expected) // Object.is equality\n\nExpected: 200\nReceived: 500\n    at Object.<anonymous> (/Users/rico/Desktop/aradev/zbet/production/casino-mock-platform/src/__tests__/T2_T7_idempotency.test.ts:305:32)\n    at processTicksAndRejections (node:internal/process/task_queues:95:5)"],"fullName":"T2 & T7 - Idempotency Tests Edge cases should handle different idempotency keys as separate transactions","invocations":1,"location":null,"numPassingAsserts":0,"retryReasons":[],"status":"failed","title":"should handle different idempotency keys as separate transactions"}],"endTime":1755601541651,"message":"  ● T2 & T7 - Idempotency Tests › T2 - Idempotency generale › should not duplicate debit with same idempotencyKey\n\n    expect(received).toBe(expected) // Object.is equality\n\n    Expected: 200\n    Received: 500\n\n      82 |         });\n      83 |\n    > 84 |       expect(response1.status).toBe(200);\n         |                                ^\n      85 |       const balance1 = response1.body.newBalance;\n      86 |\n      87 |       // Seconda richiesta con stessa idempotencyKey\n\n      at Object.<anonymous> (src/__tests__/T2_T7_idempotency.test.ts:84:32)\n\n  ● T2 & T7 - Idempotency Tests › T2 - Idempotency generale › should not duplicate credit with same idempotencyKey\n\n    expect(received).toBe(expected) // Object.is equality\n\n    Expected: 200\n    Received: 500\n\n      128 |         });\n      129 |\n    > 130 |       expect(response1.status).toBe(200);\n          |                                ^\n      131 |       const balance1 = response1.body.newBalance;\n      132 |\n      133 |       // Seconda richiesta con stessa idempotencyKey\n\n      at Object.<anonymous> (src/__tests__/T2_T7_idempotency.test.ts:130:32)\n\n  ● T2 & T7 - Idempotency Tests › T7 - Idempotency su credit (replay) › should handle multiple credit replays correctly\n\n    expect(received).toBe(expected) // Object.is equality\n\n    Expected: 200\n    Received: 500\n\n      191 |       \n      192 |       // Tutte le risposte devono essere identiche\n    > 193 |       expect(responses[0].status).toBe(200);\n          |                                   ^\n      194 |       expect(responses[1].status).toBe(200);\n      195 |       expect(responses[2].status).toBe(200);\n      196 |       \n\n      at Object.<anonymous> (src/__tests__/T2_T7_idempotency.test.ts:193:35)\n\n  ● T2 & T7 - Idempotency Tests › T7 - Idempotency su credit (replay) › should store and return consistent idempotent response\n\n    expect(received).toBe(expected) // Object.is equality\n\n    Expected: \"{\\\"error\\\":{\\\"code\\\":\\\"RW-SYS-000\\\",\\\"message\\\":\\\"Transaction failed\\\",\\\"correlationId\\\":\\\"11129a1f-8994-44b5-abfa-b4311d4872de\\\"}}\"\n    Received: \"{\\\"error\\\":{\\\"code\\\":\\\"RW-SYS-000\\\",\\\"message\\\":\\\"Transaction failed\\\",\\\"correlationId\\\":\\\"c753074a-7b49-4a76-b93f-d48bd6db1176\\\"}}\"\n\n      260 |\n      261 |       // Le risposte devono essere identiche\n    > 262 |       expect(JSON.stringify(response1.body)).toBe(JSON.stringify(response2.body));\n          |                                              ^\n      263 |       \n      264 |       // Verifica che la idempotency key sia stata salvata\n      265 |       const idempResult = await query(\n\n      at Object.<anonymous> (src/__tests__/T2_T7_idempotency.test.ts:262:46)\n\n  ● T2 & T7 - Idempotency Tests › Edge cases › should handle different idempotency keys as separate transactions\n\n    expect(received).toBe(expected) // Object.is equality\n\n    Expected: 200\n    Received: 500\n\n      303 |\n      304 |       // Entrambe devono avere successo\n    > 305 |       expect(response1.status).toBe(200);\n          |                                ^\n      306 |       expect(response2.status).toBe(200);\n      307 |       \n      308 |       // I balance devono essere diversi (secondo debit)\n\n      at Object.<anonymous> (src/__tests__/T2_T7_idempotency.test.ts:305:32)\n","name":"/Users/rico/Desktop/aradev/zbet/production/casino-mock-platform/src/__tests__/T2_T7_idempotency.test.ts","startTime":1755601541090,"status":"failed","summary":""},{"assertionResults":[{"ancestorTitles":["T3, T4, T6 - Wallet Operations","T3 - Fondi insufficienti"],"duration":7,"failureDetails":[],"failureMessages":[],"fullName":"T3, T4, T6 - Wallet Operations T3 - Fondi insufficienti should reject debit when amount exceeds balance","invocations":1,"location":null,"numPassingAsserts":6,"retryReasons":[],"status":"passed","title":"should reject debit when amount exceeds balance"},{"ancestorTitles":["T3, T4, T6 - Wallet Operations","T3 - Fondi insufficienti"],"duration":2,"failureDetails":[],"failureMessages":[],"fullName":"T3, T4, T6 - Wallet Operations T3 - Fondi insufficienti should reject debit that would make balance negative","invocations":1,"location":null,"numPassingAsserts":5,"retryReasons":[],"status":"passed","title":"should reject debit that would make balance negative"},{"ancestorTitles":["T3, T4, T6 - Wallet Operations","T3 - Fondi insufficienti"],"duration":9,"failureDetails":[{"matcherResult":{"actual":500,"expected":200,"message":"expect(received).toBe(expected) // Object.is equality\n\nExpected: 200\nReceived: 500","name":"toBe","pass":false}}],"failureMessages":["Error: expect(received).toBe(expected) // Object.is equality\n\nExpected: 200\nReceived: 500\n    at Object.<anonymous> (/Users/rico/Desktop/aradev/zbet/production/casino-mock-platform/src/__tests__/T3_T4_T6_wallet.test.ts:169:31)\n    at processTicksAndRejections (node:internal/process/task_queues:95:5)"],"fullName":"T3, T4, T6 - Wallet Operations T3 - Fondi insufficienti should allow debit equal to balance","invocations":1,"location":null,"numPassingAsserts":0,"retryReasons":[],"status":"failed","title":"should allow debit equal to balance"},{"ancestorTitles":["T3, T4, T6 - Wallet Operations","T4 - Currency binding"],"duration":3,"failureDetails":[],"failureMessages":[],"fullName":"T3, T4, T6 - Wallet Operations T4 - Currency binding should reject debit with mismatched currency","invocations":1,"location":null,"numPassingAsserts":5,"retryReasons":[],"status":"passed","title":"should reject debit with mismatched currency"},{"ancestorTitles":["T3, T4, T6 - Wallet Operations","T4 - Currency binding"],"duration":2,"failureDetails":[],"failureMessages":[],"fullName":"T3, T4, T6 - Wallet Operations T4 - Currency binding should reject credit with mismatched currency","invocations":1,"location":null,"numPassingAsserts":4,"retryReasons":[],"status":"passed","title":"should reject credit with mismatched currency"},{"ancestorTitles":["T3, T4, T6 - Wallet Operations","T4 - Currency binding"],"duration":9,"failureDetails":[{"matcherResult":{"actual":500,"expected":200,"message":"expect(received).toBe(expected) // Object.is equality\n\nExpected: 200\nReceived: 500","name":"toBe","pass":false}}],"failureMessages":["Error: expect(received).toBe(expected) // Object.is equality\n\nExpected: 200\nReceived: 500\n    at Object.<anonymous> (/Users/rico/Desktop/aradev/zbet/production/casino-mock-platform/src/__tests__/T3_T4_T6_wallet.test.ts:241:31)\n    at processTicksAndRejections (node:internal/process/task_queues:95:5)"],"fullName":"T3, T4, T6 - Wallet Operations T4 - Currency binding should accept matching currency","invocations":1,"location":null,"numPassingAsserts":0,"retryReasons":[],"status":"failed","title":"should accept matching currency"},{"ancestorTitles":["T3, T4, T6 - Wallet Operations","T6 - Debit-Credit round-trip"],"duration":2,"failureDetails":[{"matcherResult":{"actual":500,"expected":200,"message":"expect(received).toBe(expected) // Object.is equality\n\nExpected: 200\nReceived: 500","name":"toBe","pass":false}}],"failureMessages":["Error: expect(received).toBe(expected) // Object.is equality\n\nExpected: 200\nReceived: 500\n    at Object.<anonymous> (/Users/rico/Desktop/aradev/zbet/production/casino-mock-platform/src/__tests__/T3_T4_T6_wallet.test.ts:269:36)\n    at processTicksAndRejections (node:internal/process/task_queues:95:5)"],"fullName":"T3, T4, T6 - Wallet Operations T6 - Debit-Credit round-trip should maintain balance integrity in round-trip","invocations":1,"location":null,"numPassingAsserts":0,"retryReasons":[],"status":"failed","title":"should maintain balance integrity in round-trip"},{"ancestorTitles":["T3, T4, T6 - Wallet Operations","T6 - Debit-Credit round-trip"],"duration":3,"failureDetails":[{"matcherResult":{"actual":500,"expected":200,"message":"expect(received).toBe(expected) // Object.is equality\n\nExpected: 200\nReceived: 500","name":"toBe","pass":false}}],"failureMessages":["Error: expect(received).toBe(expected) // Object.is equality\n\nExpected: 200\nReceived: 500\n    at Object.<anonymous> (/Users/rico/Desktop/aradev/zbet/production/casino-mock-platform/src/__tests__/T3_T4_T6_wallet.test.ts:344:33)\n    at processTicksAndRejections (node:internal/process/task_queues:95:5)"],"fullName":"T3, T4, T6 - Wallet Operations T6 - Debit-Credit round-trip should handle multiple round-trips correctly","invocations":1,"location":null,"numPassingAsserts":0,"retryReasons":[],"status":"failed","title":"should handle multiple round-trips correctly"}],"endTime":1755601541937,"message":"  ● T3, T4, T6 - Wallet Operations › T3 - Fondi insufficienti › should allow debit equal to balance\n\n    expect(received).toBe(expected) // Object.is equality\n\n    Expected: 200\n    Received: 500\n\n      167 |         });\n      168 |\n    > 169 |       expect(response.status).toBe(200);\n          |                               ^\n      170 |       expect(response.body.status).toBe('APPROVED');\n      171 |       expect(response.body.newBalance).toBe('0.00');\n      172 |       expect(response.body.newBalance).toMatch(/^\\d+\\.\\d{2}$/);\n\n      at Object.<anonymous> (src/__tests__/T3_T4_T6_wallet.test.ts:169:31)\n\n  ● T3, T4, T6 - Wallet Operations › T4 - Currency binding › should accept matching currency\n\n    expect(received).toBe(expected) // Object.is equality\n\n    Expected: 200\n    Received: 500\n\n      239 |         });\n      240 |\n    > 241 |       expect(response.status).toBe(200);\n          |                               ^\n      242 |       expect(response.body.status).toBe('APPROVED');\n      243 |     });\n      244 |   });\n\n      at Object.<anonymous> (src/__tests__/T3_T4_T6_wallet.test.ts:241:31)\n\n  ● T3, T4, T6 - Wallet Operations › T6 - Debit-Credit round-trip › should maintain balance integrity in round-trip\n\n    expect(received).toBe(expected) // Object.is equality\n\n    Expected: 200\n    Received: 500\n\n      267 |         });\n      268 |\n    > 269 |       expect(debitResponse.status).toBe(200);\n          |                                    ^\n      270 |       expect(debitResponse.body.status).toBe('APPROVED');\n      271 |       expect(debitResponse.body.newBalance).toMatch(/^\\d+\\.\\d{2}$/);\n      272 |       const balanceAfterDebit = parseFloat(debitResponse.body.newBalance);\n\n      at Object.<anonymous> (src/__tests__/T3_T4_T6_wallet.test.ts:269:36)\n\n  ● T3, T4, T6 - Wallet Operations › T6 - Debit-Credit round-trip › should handle multiple round-trips correctly\n\n    expect(received).toBe(expected) // Object.is equality\n\n    Expected: 200\n    Received: 500\n\n      342 |           });\n      343 |         \n    > 344 |         expect(response.status).toBe(200);\n          |                                 ^\n      345 |         expect(response.body.status).toBe('APPROVED');\n      346 |         expect(response.body.newBalance).toMatch(/^\\d+\\.\\d{2}$/);\n      347 |         \n\n      at Object.<anonymous> (src/__tests__/T3_T4_T6_wallet.test.ts:344:33)\n","name":"/Users/rico/Desktop/aradev/zbet/production/casino-mock-platform/src/__tests__/T3_T4_T6_wallet.test.ts","startTime":1755601541657,"status":"failed","summary":""},{"assertionResults":[{"ancestorTitles":["T5 - Limits Check","Bibbia §0.7 DEFAULT limits (min_bet 0.10, max_bet 100.00)"],"duration":3,"failureDetails":[],"failureMessages":[],"fullName":"T5 - Limits Check Bibbia §0.7 DEFAULT limits (min_bet 0.10, max_bet 100.00) should reject stake below minBet (0.10)","invocations":1,"location":null,"numPassingAsserts":3,"retryReasons":[],"status":"passed","title":"should reject stake below minBet (0.10)"},{"ancestorTitles":["T5 - Limits Check","Bibbia §0.7 DEFAULT limits (min_bet 0.10, max_bet 100.00)"],"duration":2,"failureDetails":[],"failureMessages":[],"fullName":"T5 - Limits Check Bibbia §0.7 DEFAULT limits (min_bet 0.10, max_bet 100.00) should reject stake above maxBet (100.00)","invocations":1,"location":null,"numPassingAsserts":3,"retryReasons":[],"status":"passed","title":"should reject stake above maxBet (100.00)"},{"ancestorTitles":["T5 - Limits Check","Bibbia §0.7 DEFAULT limits (min_bet 0.10, max_bet 100.00)"],"duration":1,"failureDetails":[],"failureMessages":[],"fullName":"T5 - Limits Check Bibbia §0.7 DEFAULT limits (min_bet 0.10, max_bet 100.00) should accept stake within range","invocations":1,"location":null,"numPassingAsserts":3,"retryReasons":[],"status":"passed","title":"should accept stake within range"},{"ancestorTitles":["T5 - Limits Check","Bibbia §0.7 DEFAULT limits (min_bet 0.10, max_bet 100.00)"],"duration":1,"failureDetails":[],"failureMessages":[],"fullName":"T5 - Limits Check Bibbia §0.7 DEFAULT limits (min_bet 0.10, max_bet 100.00) should accept stake equal to minBet","invocations":1,"location":null,"numPassingAsserts":2,"retryReasons":[],"status":"passed","title":"should accept stake equal to minBet"},{"ancestorTitles":["T5 - Limits Check","Bibbia §0.7 DEFAULT limits (min_bet 0.10, max_bet 100.00)"],"duration":1,"failureDetails":[],"failureMessages":[],"fullName":"T5 - Limits Check Bibbia §0.7 DEFAULT limits (min_bet 0.10, max_bet 100.00) should accept stake equal to maxBet","invocations":1,"location":null,"numPassingAsserts":2,"retryReasons":[],"status":"passed","title":"should accept stake equal to maxBet"},{"ancestorTitles":["T5 - Limits Check","Balance checks"],"duration":1,"failureDetails":[],"failureMessages":[],"fullName":"T5 - Limits Check Balance checks should reject stake exceeding balance","invocations":1,"location":null,"numPassingAsserts":4,"retryReasons":[],"status":"passed","title":"should reject stake exceeding balance"},{"ancestorTitles":["T5 - Limits Check","Balance checks"],"duration":1,"failureDetails":[],"failureMessages":[],"fullName":"T5 - Limits Check Balance checks should accept stake within balance","invocations":1,"location":null,"numPassingAsserts":2,"retryReasons":[],"status":"passed","title":"should accept stake within balance"},{"ancestorTitles":["T5 - Limits Check","Error handling"],"duration":1,"failureDetails":[],"failureMessages":[],"fullName":"T5 - Limits Check Error handling should handle missing player","invocations":1,"location":null,"numPassingAsserts":3,"retryReasons":[],"status":"passed","title":"should handle missing player"},{"ancestorTitles":["T5 - Limits Check","Error handling"],"duration":1,"failureDetails":[],"failureMessages":[],"fullName":"T5 - Limits Check Error handling should use allowed error codes on failure","invocations":1,"location":null,"numPassingAsserts":2,"retryReasons":[],"status":"passed","title":"should use allowed error codes on failure"}],"endTime":1755601542199,"message":"","name":"/Users/rico/Desktop/aradev/zbet/production/casino-mock-platform/src/__tests__/T5_limits_check.test.ts","startTime":1755601541940,"status":"passed","summary":""},{"assertionResults":[{"ancestorTitles":["T1 - Contract REST","POST /wallet/debit"],"duration":8,"failureDetails":[],"failureMessages":[],"fullName":"T1 - Contract REST POST /wallet/debit should return valid schema for successful debit","invocations":1,"location":null,"numPassingAsserts":3,"retryReasons":[],"status":"passed","title":"should return valid schema for successful debit"},{"ancestorTitles":["T1 - Contract REST","POST /wallet/debit"],"duration":1,"failureDetails":[],"failureMessages":[],"fullName":"T1 - Contract REST POST /wallet/debit should reject missing idempotency key with correct code","invocations":1,"location":null,"numPassingAsserts":2,"retryReasons":[],"status":"passed","title":"should reject missing idempotency key with correct code"},{"ancestorTitles":["T1 - Contract REST","POST /wallet/debit"],"duration":1,"failureDetails":[],"failureMessages":[],"fullName":"T1 - Contract REST POST /wallet/debit should reject invalid correlation ID format","invocations":1,"location":null,"numPassingAsserts":2,"retryReasons":[],"status":"passed","title":"should reject invalid correlation ID format"},{"ancestorTitles":["T1 - Contract REST","POST /wallet/credit"],"duration":1,"failureDetails":[],"failureMessages":[],"fullName":"T1 - Contract REST POST /wallet/credit should return valid schema for successful credit","invocations":1,"location":null,"numPassingAsserts":1,"retryReasons":[],"status":"passed","title":"should return valid schema for successful credit"},{"ancestorTitles":["T1 - Contract REST","POST /limits/check"],"duration":1,"failureDetails":[],"failureMessages":[],"fullName":"T1 - Contract REST POST /limits/check should return valid schema for limits check","invocations":1,"location":null,"numPassingAsserts":3,"retryReasons":[],"status":"passed","title":"should return valid schema for limits check"},{"ancestorTitles":["T1 - Contract REST","POST /limits/check"],"duration":0,"failureDetails":[],"failureMessages":[],"fullName":"T1 - Contract REST POST /limits/check should use only allowed error codes","invocations":1,"location":null,"numPassingAsserts":0,"retryReasons":[],"status":"passed","title":"should use only allowed error codes"},{"ancestorTitles":["T1 - Contract REST","Error code compliance"],"duration":8,"failureDetails":[],"failureMessages":[],"fullName":"T1 - Contract REST Error code compliance should never return codes outside allowed list","invocations":1,"location":null,"numPassingAsserts":9,"retryReasons":[],"status":"passed","title":"should never return codes outside allowed list"}],"endTime":1755601542434,"message":"","name":"/Users/rico/Desktop/aradev/zbet/production/casino-mock-platform/src/__tests__/T1_contract_rest.test.ts","startTime":1755601542203,"status":"passed","summary":""},{"assertionResults":[],"coverage":{},"endTime":1755601542477,"message":"  ● Test suite failed to run\n\n    Your test suite must contain at least one test.\n\n      at onResult (node_modules/@jest/core/build/TestScheduler.js:133:18)\n      at node_modules/@jest/core/build/TestScheduler.js:254:19\n      at node_modules/emittery/index.js:363:13\n          at Array.map (<anonymous>)\n      at Emittery.emit (node_modules/emittery/index.js:361:23)\n","name":"/Users/rico/Desktop/aradev/zbet/production/casino-mock-platform/src/__tests__/helpers/unique.ts","startTime":1755601542477,"status":"failed","summary":""},{"assertionResults":[],"coverage":{},"endTime":1755601542477,"message":"  ● Test suite failed to run\n\n    Your test suite must contain at least one test.\n\n      at onResult (node_modules/@jest/core/build/TestScheduler.js:133:18)\n      at node_modules/@jest/core/build/TestScheduler.js:254:19\n      at node_modules/emittery/index.js:363:13\n          at Array.map (<anonymous>)\n      at Emittery.emit (node_modules/emittery/index.js:361:23)\n","name":"/Users/rico/Desktop/aradev/zbet/production/casino-mock-platform/src/__tests__/setup.ts","startTime":1755601542477,"status":"failed","summary":""}],"wasInterrupted":false}
